[0.142s] Invoking command in '/home/robotics/desktop_ws/IEEETurtleBot2/build/turtlebot3_description': /usr/bin/cmake /home/robotics/desktop_ws/IEEETurtleBot2/src/turtlebot3/turtlebot3_description -DCMAKE_INSTALL_PREFIX=/home/robotics/desktop_ws/IEEETurtleBot2/install/turtlebot3_description
[0.917s] -- The C compiler identification is GNU 11.4.0
[1.563s] -- The CXX compiler identification is GNU 11.4.0
[1.639s] -- Detecting C compiler ABI info
[2.532s] -- Detecting C compiler ABI info - done
[2.614s] -- Check for working C compiler: /usr/bin/cc - skipped
[2.618s] -- Detecting C compile features
[2.621s] -- Detecting C compile features - done
[2.658s] -- Detecting CXX compiler ABI info
[3.838s] -- Detecting CXX compiler ABI info - done
[3.927s] -- Check for working CXX compiler: /usr/bin/c++ - skipped
[3.932s] -- Detecting CXX compile features
[3.939s] -- Detecting CXX compile features - done
[4.362s] [31mCMake Error at CMakeLists.txt:18 (find_package):
[4.363s]   By not providing "Findament_cmake.cmake" in CMAKE_MODULE_PATH this project
[4.364s]   has asked CMake to find a package configuration file provided by
[4.365s]   "ament_cmake", but CMake did not find one.
[4.366s] 
[4.367s]   Could not find a package configuration file provided by "ament_cmake" with
[4.367s]   any of the following names:
[4.369s] 
[4.370s]     ament_cmakeConfig.cmake
[4.371s]     ament_cmake-config.cmake
[4.372s] 
[4.373s]   Add the installation prefix of "ament_cmake" to CMAKE_PREFIX_PATH or set
[4.375s]   "ament_cmake_DIR" to a directory containing one of the above files.  If
[4.377s]   "ament_cmake" provides a separate development package or SDK, be sure it
[4.378s]   has been installed.
[4.379s] 
[4.380s] [0m
[4.381s] -- Configuring incomplete, errors occurred!
[4.382s] See also "/home/robotics/desktop_ws/IEEETurtleBot2/build/turtlebot3_description/CMakeFiles/CMakeOutput.log".
